<?xml version="1.0" encoding="UTF-8"?>
<!-- Generated by org.testng.reporters.JUnitXMLReporter -->
<testsuite hostname="Igor-PK" name="Test" tests="4" failures="0" timestamp="25 Dec 2016 13:47:57 GMT" time="14.268" errors="0">
  <testcase name="goToPageAndCheckIt" time="1.774" classname="com.ohrimenko1988.QA_homework_5.Main"/>
  <testcase name="searchCheckAndSave" time="2.919" classname="com.ohrimenko1988.QA_homework_5.Main"/>
  <testcase name="searchCheckAndSave" time="2.916" classname="com.ohrimenko1988.QA_homework_5.Main"/>
  <testcase name="searchCheckAndSave" time="2.726" classname="com.ohrimenko1988.QA_homework_5.Main"/>
</testsuite> <!-- Test -->
