<?xml version="1.0" encoding="UTF-8"?>
<testng-results skipped="0" failed="0" total="4" passed="4">
  <reporter-output>
    <line>
      <![CDATA[>-->> start initialize elements<br>]]>
    </line>
    <line>
      <![CDATA[>-->> initialize is completed<br>]]>
    </line>
    <line>
      <![CDATA[>-->> go to URL<br>]]>
    </line>
    <line>
      <![CDATA[--->> try load page https://www.bing.com/<br>]]>
    </line>
    <line>
      <![CDATA[--->> page https://www.bing.com/ is loaded<br>]]>
    </line>
    <line>
      <![CDATA[>-->> wait the logo visibility<br>]]>
    </line>
    <line>
      <![CDATA[--->> try find element --- By.xpath: //*[@class='hp_sw_logo hpcLogoWhite' or @id='bLogoExp'] <br>]]>
    </line>
    <line>
      <![CDATA[--->> element --- By.xpath: //*[@class='hp_sw_logo hpcLogoWhite' or @id='bLogoExp']  --- was founded<br>]]>
    </line>
    <line>
      <![CDATA[>-->> wait the search field visibility<br>]]>
    </line>
    <line>
      <![CDATA[--->> try find element --- By.xpath: //*[@name='q']<br>]]>
    </line>
    <line>
      <![CDATA[--->> element --- By.xpath: //*[@name='q'] --- was founded<br>]]>
    </line>
    <line>
      <![CDATA[>-->> wait the search button visibility<br>]]>
    </line>
    <line>
      <![CDATA[--->> try find element --- By.xpath: //*[@class='b_searchboxSubmit' or @id='sbBtn'] <br>]]>
    </line>
    <line>
      <![CDATA[--->> element --- By.xpath: //*[@class='b_searchboxSubmit' or @id='sbBtn']  --- was founded<br>]]>
    </line>
    <line>
      <![CDATA[>-->> check that logo is enabled<br>]]>
    </line>
    <line>
      <![CDATA[--->> try find element --- By.xpath: //*[@class='hp_sw_logo hpcLogoWhite' or @id='bLogoExp'] <br>]]>
    </line>
    <line>
      <![CDATA[--->> element --- By.xpath: //*[@class='hp_sw_logo hpcLogoWhite' or @id='bLogoExp']  --- was founded<br>]]>
    </line>
    <line>
      <![CDATA[>-->> check that logo is clickable<br>]]>
    </line>
    <line>
      <![CDATA[--->> try find element --- By.xpath: //*[@class='hp_sw_logo hpcLogoWhite' or @id='bLogoExp'] <br>]]>
    </line>
    <line>
      <![CDATA[--->> element --- By.xpath: //*[@class='hp_sw_logo hpcLogoWhite' or @id='bLogoExp']  --- was founded<br>]]>
    </line>
    <line>
      <![CDATA[>-->> check that search field is enabled<br>]]>
    </line>
    <line>
      <![CDATA[--->> try find element --- By.xpath: //*[@name='q']<br>]]>
    </line>
    <line>
      <![CDATA[--->> element --- By.xpath: //*[@name='q'] --- was founded<br>]]>
    </line>
    <line>
      <![CDATA[>-->> check that search field is clickable<br>]]>
    </line>
    <line>
      <![CDATA[--->> try find element --- By.xpath: //*[@name='q']<br>]]>
    </line>
    <line>
      <![CDATA[--->> element --- By.xpath: //*[@name='q'] --- was founded<br>]]>
    </line>
    <line>
      <![CDATA[--->> try find element --- By.xpath: //*[@name='q']<br>]]>
    </line>
    <line>
      <![CDATA[--->> element --- By.xpath: //*[@name='q'] --- was founded<br>]]>
    </line>
    <line>
      <![CDATA[--->> try change value [[RemoteWebDriver: chrome on XP (d9dae739-aa34-4084-89bd-dd8cd46b14da)] -> xpath: //*[@name='q']]<br>]]>
    </line>
    <line>
      <![CDATA[--->> value of element [[RemoteWebDriver: chrome on XP (d9dae739-aa34-4084-89bd-dd8cd46b14da)] -> xpath: //*[@name='q']] was changed<br>]]>
    </line>
    <line>
      <![CDATA[--->> try find element --- By.xpath: //*[@name='q']<br>]]>
    </line>
    <line>
      <![CDATA[--->> element --- By.xpath: //*[@name='q'] --- was founded<br>]]>
    </line>
    <line>
      <![CDATA[--->> try change value [[RemoteWebDriver: chrome on XP (d9dae739-aa34-4084-89bd-dd8cd46b14da)] -> xpath: //*[@name='q']]<br>]]>
    </line>
    <line>
      <![CDATA[--->> value of element [[RemoteWebDriver: chrome on XP (d9dae739-aa34-4084-89bd-dd8cd46b14da)] -> xpath: //*[@name='q']] was changed<br>]]>
    </line>
    <line>
      <![CDATA[>-->> check input to search field<br>]]>
    </line>
    <line>
      <![CDATA[--->> try find element --- By.xpath: //*[@name='q']<br>]]>
    </line>
    <line>
      <![CDATA[--->> element --- By.xpath: //*[@name='q'] --- was founded<br>]]>
    </line>
    <line>
      <![CDATA[--->> try find element --- By.xpath: //*[@name='q']<br>]]>
    </line>
    <line>
      <![CDATA[--->> element --- By.xpath: //*[@name='q'] --- was founded<br>]]>
    </line>
    <line>
      <![CDATA[--->> try change value [[RemoteWebDriver: chrome on XP (d9dae739-aa34-4084-89bd-dd8cd46b14da)] -> xpath: //*[@name='q']]<br>]]>
    </line>
    <line>
      <![CDATA[--->> value of element [[RemoteWebDriver: chrome on XP (d9dae739-aa34-4084-89bd-dd8cd46b14da)] -> xpath: //*[@name='q']] was changed<br>]]>
    </line>
    <line>
      <![CDATA[>-->> chack that search button is enabled<br>]]>
    </line>
    <line>
      <![CDATA[--->> try find element --- By.xpath: //*[@name='q']<br>]]>
    </line>
    <line>
      <![CDATA[--->> element --- By.xpath: //*[@name='q'] --- was founded<br>]]>
    </line>
    <line>
      <![CDATA[>-->> check that search button is clickable<br>]]>
    </line>
    <line>
      <![CDATA[--->> try find element --- By.xpath: //*[@class='b_searchboxSubmit' or @id='sbBtn'] <br>]]>
    </line>
    <line>
      <![CDATA[--->> element --- By.xpath: //*[@class='b_searchboxSubmit' or @id='sbBtn']  --- was founded<br>]]>
    </line>
    <line>
      <![CDATA[-----------------------------  test completed ------------------------------<br>]]>
    </line>
    <line>
      <![CDATA[---------------------  search by 'maven' expression  -----------------<br>]]>
    </line>
    <line>
      <![CDATA[>-->> compare variants with key expression and take last part of element<br>]]>
    </line>
    <line>
      <![CDATA[>-->> go to URL<br>]]>
    </line>
    <line>
      <![CDATA[--->> try load page https://www.bing.com/<br>]]>
    </line>
    <line>
      <![CDATA[--->> page https://www.bing.com/ is loaded<br>]]>
    </line>
    <line>
      <![CDATA[>-->> wait the logo visibility<br>]]>
    </line>
    <line>
      <![CDATA[--->> try find element --- By.xpath: //*[@class='hp_sw_logo hpcLogoWhite' or @id='bLogoExp'] <br>]]>
    </line>
    <line>
      <![CDATA[--->> element --- By.xpath: //*[@class='hp_sw_logo hpcLogoWhite' or @id='bLogoExp']  --- was founded<br>]]>
    </line>
    <line>
      <![CDATA[>-->> wait the search field visibility<br>]]>
    </line>
    <line>
      <![CDATA[--->> try find element --- By.xpath: //*[@name='q']<br>]]>
    </line>
    <line>
      <![CDATA[--->> element --- By.xpath: //*[@name='q'] --- was founded<br>]]>
    </line>
    <line>
      <![CDATA[>-->> wait the search button visibility<br>]]>
    </line>
    <line>
      <![CDATA[--->> try find element --- By.xpath: //*[@class='b_searchboxSubmit' or @id='sbBtn'] <br>]]>
    </line>
    <line>
      <![CDATA[--->> element --- By.xpath: //*[@class='b_searchboxSubmit' or @id='sbBtn']  --- was founded<br>]]>
    </line>
    <line>
      <![CDATA[>-->> clear search field<br>]]>
    </line>
    <line>
      <![CDATA[--->> try find element --- By.xpath: //*[@name='q']<br>]]>
    </line>
    <line>
      <![CDATA[--->> element --- By.xpath: //*[@name='q'] --- was founded<br>]]>
    </line>
    <line>
      <![CDATA[--->> try change value [[RemoteWebDriver: chrome on XP (d9dae739-aa34-4084-89bd-dd8cd46b14da)] -> xpath: //*[@name='q']]<br>]]>
    </line>
    <line>
      <![CDATA[--->> value of element [[RemoteWebDriver: chrome on XP (d9dae739-aa34-4084-89bd-dd8cd46b14da)] -> xpath: //*[@name='q']] was changed<br>]]>
    </line>
    <line>
      <![CDATA[>-->> input part of the search expression<br>]]>
    </line>
    <line>
      <![CDATA[--->> try find element --- By.xpath: //*[@name='q']<br>]]>
    </line>
    <line>
      <![CDATA[--->> element --- By.xpath: //*[@name='q'] --- was founded<br>]]>
    </line>
    <line>
      <![CDATA[--->> try change value [[RemoteWebDriver: chrome on XP (d9dae739-aa34-4084-89bd-dd8cd46b14da)] -> xpath: //*[@name='q']]<br>]]>
    </line>
    <line>
      <![CDATA[--->> value of element [[RemoteWebDriver: chrome on XP (d9dae739-aa34-4084-89bd-dd8cd46b14da)] -> xpath: //*[@name='q']] was changed<br>]]>
    </line>
    <line>
      <![CDATA[>-->> wait until part of the expression will be displayed in the search field<br>]]>
    </line>
    <line>
      <![CDATA[--->> try find element --- By.xpath: //*[@name='q']<br>]]>
    </line>
    <line>
      <![CDATA[--->> element --- By.xpath: //*[@name='q'] --- was founded<br>]]>
    </line>
    <line>
      <![CDATA[>-->> wait until variants of the full expression will be displayed<br>]]>
    </line>
    <line>
      <![CDATA[--->> try find element --- By.xpath: //*[@class='sa_tm' and text() = 'maven' or text()='n']<br>]]>
    </line>
    <line>
      <![CDATA[--->> element --- By.xpath: //*[@class='sa_tm' and text() = 'maven' or text()='n'] --- was founded<br>]]>
    </line>
    <line>
      <![CDATA[>-->> click on it<br>]]>
    </line>
    <line>
      <![CDATA[--->> try find element --- By.xpath: //*[@class='sa_tm' and text() = 'maven' or text()='n']<br>]]>
    </line>
    <line>
      <![CDATA[--->> element --- By.xpath: //*[@class='sa_tm' and text() = 'maven' or text()='n'] --- was founded<br>]]>
    </line>
    <line>
      <![CDATA[--->> try click on [[RemoteWebDriver: chrome on XP (d9dae739-aa34-4084-89bd-dd8cd46b14da)] -> xpath: //*[@class='sa_tm' and text() = 'maven' or text()='n']]<br>]]>
    </line>
    <line>
      <![CDATA[--->> element [[RemoteWebDriver: chrome on XP (d9dae739-aa34-4084-89bd-dd8cd46b14da)] -> xpath: //*[@class='sa_tm' and text() = 'maven' or text()='n']] was clicked<br>]]>
    </line>
    <line>
      <![CDATA[>-->> wait until result will be displayed<br>]]>
    </line>
    <line>
      <![CDATA[--->> try find element --- By.xpath: //ol[@id='b_results']/li[1]//h2/a[1]<br>]]>
    </line>
    <line>
      <![CDATA[--->> element --- By.xpath: //ol[@id='b_results']/li[1]//h2/a[1] --- was founded<br>]]>
    </line>
    <line>
      <![CDATA[>-->> get URL from result title<br>]]>
    </line>
    <line>
      <![CDATA[--->> try find element --- By.xpath: //ol[@id='b_results']/li[1]//h2/a[1]<br>]]>
    </line>
    <line>
      <![CDATA[--->> element --- By.xpath: //ol[@id='b_results']/li[1]//h2/a[1] --- was founded<br>]]>
    </line>
    <line>
      <![CDATA[>-->> click on title<br>]]>
    </line>
    <line>
      <![CDATA[--->> try find element --- By.xpath: //ol[@id='b_results']/li[1]//h2/a[1]<br>]]>
    </line>
    <line>
      <![CDATA[--->> element --- By.xpath: //ol[@id='b_results']/li[1]//h2/a[1] --- was founded<br>]]>
    </line>
    <line>
      <![CDATA[--->> try click on [[RemoteWebDriver: chrome on XP (d9dae739-aa34-4084-89bd-dd8cd46b14da)] -> xpath: //ol[@id='b_results']/li[1]//h2/a[1]]<br>]]>
    </line>
    <line>
      <![CDATA[--->> element [[RemoteWebDriver: chrome on XP (d9dae739-aa34-4084-89bd-dd8cd46b14da)] -> xpath: //ol[@id='b_results']/li[1]//h2/a[1]] was clicked<br>]]>
    </line>
    <line>
      <![CDATA[>-->> check on match the title URL and the page URL<br>]]>
    </line>
    <line>
      <![CDATA[-----------------------------  test completed ------------------------------<br>]]>
    </line>
    <line>
      <![CDATA[---------------------  search by 'testng' expression  -----------------<br>]]>
    </line>
    <line>
      <![CDATA[>-->> compare variants with key expression and take last part of element<br>]]>
    </line>
    <line>
      <![CDATA[>-->> go to URL<br>]]>
    </line>
    <line>
      <![CDATA[--->> try load page https://www.bing.com/<br>]]>
    </line>
    <line>
      <![CDATA[--->> page https://www.bing.com/ is loaded<br>]]>
    </line>
    <line>
      <![CDATA[>-->> wait the logo visibility<br>]]>
    </line>
    <line>
      <![CDATA[--->> try find element --- By.xpath: //*[@class='hp_sw_logo hpcLogoWhite' or @id='bLogoExp'] <br>]]>
    </line>
    <line>
      <![CDATA[--->> element --- By.xpath: //*[@class='hp_sw_logo hpcLogoWhite' or @id='bLogoExp']  --- was founded<br>]]>
    </line>
    <line>
      <![CDATA[>-->> wait the search field visibility<br>]]>
    </line>
    <line>
      <![CDATA[--->> try find element --- By.xpath: //*[@name='q']<br>]]>
    </line>
    <line>
      <![CDATA[--->> element --- By.xpath: //*[@name='q'] --- was founded<br>]]>
    </line>
    <line>
      <![CDATA[>-->> wait the search button visibility<br>]]>
    </line>
    <line>
      <![CDATA[--->> try find element --- By.xpath: //*[@class='b_searchboxSubmit' or @id='sbBtn'] <br>]]>
    </line>
    <line>
      <![CDATA[--->> element --- By.xpath: //*[@class='b_searchboxSubmit' or @id='sbBtn']  --- was founded<br>]]>
    </line>
    <line>
      <![CDATA[>-->> clear search field<br>]]>
    </line>
    <line>
      <![CDATA[--->> try find element --- By.xpath: //*[@name='q']<br>]]>
    </line>
    <line>
      <![CDATA[--->> element --- By.xpath: //*[@name='q'] --- was founded<br>]]>
    </line>
    <line>
      <![CDATA[--->> try change value [[RemoteWebDriver: chrome on XP (d9dae739-aa34-4084-89bd-dd8cd46b14da)] -> xpath: //*[@name='q']]<br>]]>
    </line>
    <line>
      <![CDATA[--->> value of element [[RemoteWebDriver: chrome on XP (d9dae739-aa34-4084-89bd-dd8cd46b14da)] -> xpath: //*[@name='q']] was changed<br>]]>
    </line>
    <line>
      <![CDATA[>-->> input part of the search expression<br>]]>
    </line>
    <line>
      <![CDATA[--->> try find element --- By.xpath: //*[@name='q']<br>]]>
    </line>
    <line>
      <![CDATA[--->> element --- By.xpath: //*[@name='q'] --- was founded<br>]]>
    </line>
    <line>
      <![CDATA[--->> try change value [[RemoteWebDriver: chrome on XP (d9dae739-aa34-4084-89bd-dd8cd46b14da)] -> xpath: //*[@name='q']]<br>]]>
    </line>
    <line>
      <![CDATA[--->> value of element [[RemoteWebDriver: chrome on XP (d9dae739-aa34-4084-89bd-dd8cd46b14da)] -> xpath: //*[@name='q']] was changed<br>]]>
    </line>
    <line>
      <![CDATA[>-->> wait until part of the expression will be displayed in the search field<br>]]>
    </line>
    <line>
      <![CDATA[--->> try find element --- By.xpath: //*[@name='q']<br>]]>
    </line>
    <line>
      <![CDATA[--->> element --- By.xpath: //*[@name='q'] --- was founded<br>]]>
    </line>
    <line>
      <![CDATA[>-->> wait until variants of the full expression will be displayed<br>]]>
    </line>
    <line>
      <![CDATA[--->> try find element --- By.xpath: //*[@class='sa_tm' and text() = 'testng' or text()='g']<br>]]>
    </line>
    <line>
      <![CDATA[--->> element --- By.xpath: //*[@class='sa_tm' and text() = 'testng' or text()='g'] --- was founded<br>]]>
    </line>
    <line>
      <![CDATA[>-->> click on it<br>]]>
    </line>
    <line>
      <![CDATA[--->> try find element --- By.xpath: //*[@class='sa_tm' and text() = 'testng' or text()='g']<br>]]>
    </line>
    <line>
      <![CDATA[--->> element --- By.xpath: //*[@class='sa_tm' and text() = 'testng' or text()='g'] --- was founded<br>]]>
    </line>
    <line>
      <![CDATA[--->> try click on [[RemoteWebDriver: chrome on XP (d9dae739-aa34-4084-89bd-dd8cd46b14da)] -> xpath: //*[@class='sa_tm' and text() = 'testng' or text()='g']]<br>]]>
    </line>
    <line>
      <![CDATA[--->> element [[RemoteWebDriver: chrome on XP (d9dae739-aa34-4084-89bd-dd8cd46b14da)] -> xpath: //*[@class='sa_tm' and text() = 'testng' or text()='g']] was clicked<br>]]>
    </line>
    <line>
      <![CDATA[>-->> wait until result will be displayed<br>]]>
    </line>
    <line>
      <![CDATA[--->> try find element --- By.xpath: //ol[@id='b_results']/li[1]//h2/a[1]<br>]]>
    </line>
    <line>
      <![CDATA[--->> element --- By.xpath: //ol[@id='b_results']/li[1]//h2/a[1] --- was founded<br>]]>
    </line>
    <line>
      <![CDATA[>-->> get URL from result title<br>]]>
    </line>
    <line>
      <![CDATA[--->> try find element --- By.xpath: //ol[@id='b_results']/li[1]//h2/a[1]<br>]]>
    </line>
    <line>
      <![CDATA[--->> element --- By.xpath: //ol[@id='b_results']/li[1]//h2/a[1] --- was founded<br>]]>
    </line>
    <line>
      <![CDATA[>-->> click on title<br>]]>
    </line>
    <line>
      <![CDATA[--->> try find element --- By.xpath: //ol[@id='b_results']/li[1]//h2/a[1]<br>]]>
    </line>
    <line>
      <![CDATA[--->> element --- By.xpath: //ol[@id='b_results']/li[1]//h2/a[1] --- was founded<br>]]>
    </line>
    <line>
      <![CDATA[--->> try click on [[RemoteWebDriver: chrome on XP (d9dae739-aa34-4084-89bd-dd8cd46b14da)] -> xpath: //ol[@id='b_results']/li[1]//h2/a[1]]<br>]]>
    </line>
    <line>
      <![CDATA[--->> element [[RemoteWebDriver: chrome on XP (d9dae739-aa34-4084-89bd-dd8cd46b14da)] -> xpath: //ol[@id='b_results']/li[1]//h2/a[1]] was clicked<br>]]>
    </line>
    <line>
      <![CDATA[>-->> check on match the title URL and the page URL<br>]]>
    </line>
    <line>
      <![CDATA[-----------------------------  test completed ------------------------------<br>]]>
    </line>
    <line>
      <![CDATA[---------------------  search by 'qatestlab' expression  -----------------<br>]]>
    </line>
    <line>
      <![CDATA[>-->> compare variants with key expression and take last part of element<br>]]>
    </line>
    <line>
      <![CDATA[>-->> go to URL<br>]]>
    </line>
    <line>
      <![CDATA[--->> try load page https://www.bing.com/<br>]]>
    </line>
    <line>
      <![CDATA[--->> page https://www.bing.com/ is loaded<br>]]>
    </line>
    <line>
      <![CDATA[>-->> wait the logo visibility<br>]]>
    </line>
    <line>
      <![CDATA[--->> try find element --- By.xpath: //*[@class='hp_sw_logo hpcLogoWhite' or @id='bLogoExp'] <br>]]>
    </line>
    <line>
      <![CDATA[--->> element --- By.xpath: //*[@class='hp_sw_logo hpcLogoWhite' or @id='bLogoExp']  --- was founded<br>]]>
    </line>
    <line>
      <![CDATA[>-->> wait the search field visibility<br>]]>
    </line>
    <line>
      <![CDATA[--->> try find element --- By.xpath: //*[@name='q']<br>]]>
    </line>
    <line>
      <![CDATA[--->> element --- By.xpath: //*[@name='q'] --- was founded<br>]]>
    </line>
    <line>
      <![CDATA[>-->> wait the search button visibility<br>]]>
    </line>
    <line>
      <![CDATA[--->> try find element --- By.xpath: //*[@class='b_searchboxSubmit' or @id='sbBtn'] <br>]]>
    </line>
    <line>
      <![CDATA[--->> element --- By.xpath: //*[@class='b_searchboxSubmit' or @id='sbBtn']  --- was founded<br>]]>
    </line>
    <line>
      <![CDATA[>-->> clear search field<br>]]>
    </line>
    <line>
      <![CDATA[--->> try find element --- By.xpath: //*[@name='q']<br>]]>
    </line>
    <line>
      <![CDATA[--->> element --- By.xpath: //*[@name='q'] --- was founded<br>]]>
    </line>
    <line>
      <![CDATA[--->> try change value [[RemoteWebDriver: chrome on XP (d9dae739-aa34-4084-89bd-dd8cd46b14da)] -> xpath: //*[@name='q']]<br>]]>
    </line>
    <line>
      <![CDATA[--->> value of element [[RemoteWebDriver: chrome on XP (d9dae739-aa34-4084-89bd-dd8cd46b14da)] -> xpath: //*[@name='q']] was changed<br>]]>
    </line>
    <line>
      <![CDATA[>-->> input part of the search expression<br>]]>
    </line>
    <line>
      <![CDATA[--->> try find element --- By.xpath: //*[@name='q']<br>]]>
    </line>
    <line>
      <![CDATA[--->> element --- By.xpath: //*[@name='q'] --- was founded<br>]]>
    </line>
    <line>
      <![CDATA[--->> try change value [[RemoteWebDriver: chrome on XP (d9dae739-aa34-4084-89bd-dd8cd46b14da)] -> xpath: //*[@name='q']]<br>]]>
    </line>
    <line>
      <![CDATA[--->> value of element [[RemoteWebDriver: chrome on XP (d9dae739-aa34-4084-89bd-dd8cd46b14da)] -> xpath: //*[@name='q']] was changed<br>]]>
    </line>
    <line>
      <![CDATA[>-->> wait until part of the expression will be displayed in the search field<br>]]>
    </line>
    <line>
      <![CDATA[--->> try find element --- By.xpath: //*[@name='q']<br>]]>
    </line>
    <line>
      <![CDATA[--->> element --- By.xpath: //*[@name='q'] --- was founded<br>]]>
    </line>
    <line>
      <![CDATA[>-->> wait until variants of the full expression will be displayed<br>]]>
    </line>
    <line>
      <![CDATA[--->> try find element --- By.xpath: //*[@class='sa_tm' and text() = 'qatestlab' or text()='lab']<br>]]>
    </line>
    <line>
      <![CDATA[--->> element --- By.xpath: //*[@class='sa_tm' and text() = 'qatestlab' or text()='lab'] --- was founded<br>]]>
    </line>
    <line>
      <![CDATA[>-->> click on it<br>]]>
    </line>
    <line>
      <![CDATA[--->> try find element --- By.xpath: //*[@class='sa_tm' and text() = 'qatestlab' or text()='lab']<br>]]>
    </line>
    <line>
      <![CDATA[--->> element --- By.xpath: //*[@class='sa_tm' and text() = 'qatestlab' or text()='lab'] --- was founded<br>]]>
    </line>
    <line>
      <![CDATA[--->> try click on [[RemoteWebDriver: chrome on XP (d9dae739-aa34-4084-89bd-dd8cd46b14da)] -> xpath: //*[@class='sa_tm' and text() = 'qatestlab' or text()='lab']]<br>]]>
    </line>
    <line>
      <![CDATA[--->> element [[RemoteWebDriver: chrome on XP (d9dae739-aa34-4084-89bd-dd8cd46b14da)] -> xpath: //*[@class='sa_tm' and text() = 'qatestlab' or text()='lab']] was clicked<br>]]>
    </line>
    <line>
      <![CDATA[>-->> wait until result will be displayed<br>]]>
    </line>
    <line>
      <![CDATA[--->> try find element --- By.xpath: //ol[@id='b_results']/li[1]//h2/a[1]<br>]]>
    </line>
    <line>
      <![CDATA[--->> element --- By.xpath: //ol[@id='b_results']/li[1]//h2/a[1] --- was founded<br>]]>
    </line>
    <line>
      <![CDATA[>-->> get URL from result title<br>]]>
    </line>
    <line>
      <![CDATA[--->> try find element --- By.xpath: //ol[@id='b_results']/li[1]//h2/a[1]<br>]]>
    </line>
    <line>
      <![CDATA[--->> element --- By.xpath: //ol[@id='b_results']/li[1]//h2/a[1] --- was founded<br>]]>
    </line>
    <line>
      <![CDATA[>-->> click on title<br>]]>
    </line>
    <line>
      <![CDATA[--->> try find element --- By.xpath: //ol[@id='b_results']/li[1]//h2/a[1]<br>]]>
    </line>
    <line>
      <![CDATA[--->> element --- By.xpath: //ol[@id='b_results']/li[1]//h2/a[1] --- was founded<br>]]>
    </line>
    <line>
      <![CDATA[--->> try click on [[RemoteWebDriver: chrome on XP (d9dae739-aa34-4084-89bd-dd8cd46b14da)] -> xpath: //ol[@id='b_results']/li[1]//h2/a[1]]<br>]]>
    </line>
    <line>
      <![CDATA[--->> element [[RemoteWebDriver: chrome on XP (d9dae739-aa34-4084-89bd-dd8cd46b14da)] -> xpath: //ol[@id='b_results']/li[1]//h2/a[1]] was clicked<br>]]>
    </line>
    <line>
      <![CDATA[>-->> check on match the title URL and the page URL<br>]]>
    </line>
    <line>
      <![CDATA[-----------------------------  test completed ------------------------------<br>]]>
    </line>
  </reporter-output>
  <suite name="Suite1" duration-ms="14268" started-at="2016-12-25T13:47:43Z" finished-at="2016-12-25T13:47:57Z">
    <groups>
    </groups>
    <test name="Test" duration-ms="14268" started-at="2016-12-25T13:47:43Z" finished-at="2016-12-25T13:47:57Z">
      <class name="com.ohrimenko1988.QA_homework_5.Main">
        <test-method status="PASS" signature="initialize(java.lang.String, java.lang.String, java.lang.String)[pri:0, instance:com.ohrimenko1988.QA_homework_5.Main@3f2a3a5]" name="initialize" is-config="true" duration-ms="2822" started-at="2016-12-25T15:47:43Z" finished-at="2016-12-25T15:47:46Z">
          <params>
            <param index="0">
              <value>
                <![CDATA[chrome]]>
              </value>
            </param>
            <param index="1">
              <value>
                <![CDATA[WINDOWS]]>
              </value>
            </param>
            <param index="2">
              <value>
                <![CDATA[localhost:4444]]>
              </value>
            </param>
          </params>
          <reporter-output>
            <line>
              <![CDATA[>-->> start initialize elements<br>]]>
            </line>
            <line>
              <![CDATA[>-->> initialize is completed<br>]]>
            </line>
          </reporter-output>
        </test-method> <!-- initialize -->
        <test-method status="PASS" signature="goToPageAndCheckIt()[pri:0, instance:com.ohrimenko1988.QA_homework_5.Main@3f2a3a5]" name="goToPageAndCheckIt" duration-ms="1774" started-at="2016-12-25T15:47:46Z" finished-at="2016-12-25T15:47:48Z">
          <reporter-output>
            <line>
              <![CDATA[>-->> go to URL<br>]]>
            </line>
            <line>
              <![CDATA[--->> try load page https://www.bing.com/<br>]]>
            </line>
            <line>
              <![CDATA[--->> page https://www.bing.com/ is loaded<br>]]>
            </line>
            <line>
              <![CDATA[>-->> wait the logo visibility<br>]]>
            </line>
            <line>
              <![CDATA[--->> try find element --- By.xpath: //*[@class='hp_sw_logo hpcLogoWhite' or @id='bLogoExp'] <br>]]>
            </line>
            <line>
              <![CDATA[--->> element --- By.xpath: //*[@class='hp_sw_logo hpcLogoWhite' or @id='bLogoExp']  --- was founded<br>]]>
            </line>
            <line>
              <![CDATA[>-->> wait the search field visibility<br>]]>
            </line>
            <line>
              <![CDATA[--->> try find element --- By.xpath: //*[@name='q']<br>]]>
            </line>
            <line>
              <![CDATA[--->> element --- By.xpath: //*[@name='q'] --- was founded<br>]]>
            </line>
            <line>
              <![CDATA[>-->> wait the search button visibility<br>]]>
            </line>
            <line>
              <![CDATA[--->> try find element --- By.xpath: //*[@class='b_searchboxSubmit' or @id='sbBtn'] <br>]]>
            </line>
            <line>
              <![CDATA[--->> element --- By.xpath: //*[@class='b_searchboxSubmit' or @id='sbBtn']  --- was founded<br>]]>
            </line>
            <line>
              <![CDATA[>-->> check that logo is enabled<br>]]>
            </line>
            <line>
              <![CDATA[--->> try find element --- By.xpath: //*[@class='hp_sw_logo hpcLogoWhite' or @id='bLogoExp'] <br>]]>
            </line>
            <line>
              <![CDATA[--->> element --- By.xpath: //*[@class='hp_sw_logo hpcLogoWhite' or @id='bLogoExp']  --- was founded<br>]]>
            </line>
            <line>
              <![CDATA[>-->> check that logo is clickable<br>]]>
            </line>
            <line>
              <![CDATA[--->> try find element --- By.xpath: //*[@class='hp_sw_logo hpcLogoWhite' or @id='bLogoExp'] <br>]]>
            </line>
            <line>
              <![CDATA[--->> element --- By.xpath: //*[@class='hp_sw_logo hpcLogoWhite' or @id='bLogoExp']  --- was founded<br>]]>
            </line>
            <line>
              <![CDATA[>-->> check that search field is enabled<br>]]>
            </line>
            <line>
              <![CDATA[--->> try find element --- By.xpath: //*[@name='q']<br>]]>
            </line>
            <line>
              <![CDATA[--->> element --- By.xpath: //*[@name='q'] --- was founded<br>]]>
            </line>
            <line>
              <![CDATA[>-->> check that search field is clickable<br>]]>
            </line>
            <line>
              <![CDATA[--->> try find element --- By.xpath: //*[@name='q']<br>]]>
            </line>
            <line>
              <![CDATA[--->> element --- By.xpath: //*[@name='q'] --- was founded<br>]]>
            </line>
            <line>
              <![CDATA[--->> try find element --- By.xpath: //*[@name='q']<br>]]>
            </line>
            <line>
              <![CDATA[--->> element --- By.xpath: //*[@name='q'] --- was founded<br>]]>
            </line>
            <line>
              <![CDATA[--->> try change value [[RemoteWebDriver: chrome on XP (d9dae739-aa34-4084-89bd-dd8cd46b14da)] -> xpath: //*[@name='q']]<br>]]>
            </line>
            <line>
              <![CDATA[--->> value of element [[RemoteWebDriver: chrome on XP (d9dae739-aa34-4084-89bd-dd8cd46b14da)] -> xpath: //*[@name='q']] was changed<br>]]>
            </line>
            <line>
              <![CDATA[--->> try find element --- By.xpath: //*[@name='q']<br>]]>
            </line>
            <line>
              <![CDATA[--->> element --- By.xpath: //*[@name='q'] --- was founded<br>]]>
            </line>
            <line>
              <![CDATA[--->> try change value [[RemoteWebDriver: chrome on XP (d9dae739-aa34-4084-89bd-dd8cd46b14da)] -> xpath: //*[@name='q']]<br>]]>
            </line>
            <line>
              <![CDATA[--->> value of element [[RemoteWebDriver: chrome on XP (d9dae739-aa34-4084-89bd-dd8cd46b14da)] -> xpath: //*[@name='q']] was changed<br>]]>
            </line>
            <line>
              <![CDATA[>-->> check input to search field<br>]]>
            </line>
            <line>
              <![CDATA[--->> try find element --- By.xpath: //*[@name='q']<br>]]>
            </line>
            <line>
              <![CDATA[--->> element --- By.xpath: //*[@name='q'] --- was founded<br>]]>
            </line>
            <line>
              <![CDATA[--->> try find element --- By.xpath: //*[@name='q']<br>]]>
            </line>
            <line>
              <![CDATA[--->> element --- By.xpath: //*[@name='q'] --- was founded<br>]]>
            </line>
            <line>
              <![CDATA[--->> try change value [[RemoteWebDriver: chrome on XP (d9dae739-aa34-4084-89bd-dd8cd46b14da)] -> xpath: //*[@name='q']]<br>]]>
            </line>
            <line>
              <![CDATA[--->> value of element [[RemoteWebDriver: chrome on XP (d9dae739-aa34-4084-89bd-dd8cd46b14da)] -> xpath: //*[@name='q']] was changed<br>]]>
            </line>
            <line>
              <![CDATA[>-->> chack that search button is enabled<br>]]>
            </line>
            <line>
              <![CDATA[--->> try find element --- By.xpath: //*[@name='q']<br>]]>
            </line>
            <line>
              <![CDATA[--->> element --- By.xpath: //*[@name='q'] --- was founded<br>]]>
            </line>
            <line>
              <![CDATA[>-->> check that search button is clickable<br>]]>
            </line>
            <line>
              <![CDATA[--->> try find element --- By.xpath: //*[@class='b_searchboxSubmit' or @id='sbBtn'] <br>]]>
            </line>
            <line>
              <![CDATA[--->> element --- By.xpath: //*[@class='b_searchboxSubmit' or @id='sbBtn']  --- was founded<br>]]>
            </line>
            <line>
              <![CDATA[-----------------------------  test completed ------------------------------<br>]]>
            </line>
          </reporter-output>
        </test-method> <!-- goToPageAndCheckIt -->
        <test-method status="PASS" signature="searchCheckAndSave(java.lang.String, java.lang.String)[pri:0, instance:com.ohrimenko1988.QA_homework_5.Main@3f2a3a5]" name="searchCheckAndSave" duration-ms="2919" started-at="2016-12-25T15:47:48Z" data-provider="fromTextFileToDataProvider" depends-on-methods="com.ohrimenko1988.QA_homework_5.Main.goToPageAndCheckIt" finished-at="2016-12-25T15:47:51Z">
          <params>
            <param index="0">
              <value>
                <![CDATA[mave]]>
              </value>
            </param>
            <param index="1">
              <value>
                <![CDATA[maven]]>
              </value>
            </param>
          </params>
          <reporter-output>
            <line>
              <![CDATA[---------------------  search by 'maven' expression  -----------------<br>]]>
            </line>
            <line>
              <![CDATA[>-->> compare variants with key expression and take last part of element<br>]]>
            </line>
            <line>
              <![CDATA[>-->> go to URL<br>]]>
            </line>
            <line>
              <![CDATA[--->> try load page https://www.bing.com/<br>]]>
            </line>
            <line>
              <![CDATA[--->> page https://www.bing.com/ is loaded<br>]]>
            </line>
            <line>
              <![CDATA[>-->> wait the logo visibility<br>]]>
            </line>
            <line>
              <![CDATA[--->> try find element --- By.xpath: //*[@class='hp_sw_logo hpcLogoWhite' or @id='bLogoExp'] <br>]]>
            </line>
            <line>
              <![CDATA[--->> element --- By.xpath: //*[@class='hp_sw_logo hpcLogoWhite' or @id='bLogoExp']  --- was founded<br>]]>
            </line>
            <line>
              <![CDATA[>-->> wait the search field visibility<br>]]>
            </line>
            <line>
              <![CDATA[--->> try find element --- By.xpath: //*[@name='q']<br>]]>
            </line>
            <line>
              <![CDATA[--->> element --- By.xpath: //*[@name='q'] --- was founded<br>]]>
            </line>
            <line>
              <![CDATA[>-->> wait the search button visibility<br>]]>
            </line>
            <line>
              <![CDATA[--->> try find element --- By.xpath: //*[@class='b_searchboxSubmit' or @id='sbBtn'] <br>]]>
            </line>
            <line>
              <![CDATA[--->> element --- By.xpath: //*[@class='b_searchboxSubmit' or @id='sbBtn']  --- was founded<br>]]>
            </line>
            <line>
              <![CDATA[>-->> clear search field<br>]]>
            </line>
            <line>
              <![CDATA[--->> try find element --- By.xpath: //*[@name='q']<br>]]>
            </line>
            <line>
              <![CDATA[--->> element --- By.xpath: //*[@name='q'] --- was founded<br>]]>
            </line>
            <line>
              <![CDATA[--->> try change value [[RemoteWebDriver: chrome on XP (d9dae739-aa34-4084-89bd-dd8cd46b14da)] -> xpath: //*[@name='q']]<br>]]>
            </line>
            <line>
              <![CDATA[--->> value of element [[RemoteWebDriver: chrome on XP (d9dae739-aa34-4084-89bd-dd8cd46b14da)] -> xpath: //*[@name='q']] was changed<br>]]>
            </line>
            <line>
              <![CDATA[>-->> input part of the search expression<br>]]>
            </line>
            <line>
              <![CDATA[--->> try find element --- By.xpath: //*[@name='q']<br>]]>
            </line>
            <line>
              <![CDATA[--->> element --- By.xpath: //*[@name='q'] --- was founded<br>]]>
            </line>
            <line>
              <![CDATA[--->> try change value [[RemoteWebDriver: chrome on XP (d9dae739-aa34-4084-89bd-dd8cd46b14da)] -> xpath: //*[@name='q']]<br>]]>
            </line>
            <line>
              <![CDATA[--->> value of element [[RemoteWebDriver: chrome on XP (d9dae739-aa34-4084-89bd-dd8cd46b14da)] -> xpath: //*[@name='q']] was changed<br>]]>
            </line>
            <line>
              <![CDATA[>-->> wait until part of the expression will be displayed in the search field<br>]]>
            </line>
            <line>
              <![CDATA[--->> try find element --- By.xpath: //*[@name='q']<br>]]>
            </line>
            <line>
              <![CDATA[--->> element --- By.xpath: //*[@name='q'] --- was founded<br>]]>
            </line>
            <line>
              <![CDATA[>-->> wait until variants of the full expression will be displayed<br>]]>
            </line>
            <line>
              <![CDATA[--->> try find element --- By.xpath: //*[@class='sa_tm' and text() = 'maven' or text()='n']<br>]]>
            </line>
            <line>
              <![CDATA[--->> element --- By.xpath: //*[@class='sa_tm' and text() = 'maven' or text()='n'] --- was founded<br>]]>
            </line>
            <line>
              <![CDATA[>-->> click on it<br>]]>
            </line>
            <line>
              <![CDATA[--->> try find element --- By.xpath: //*[@class='sa_tm' and text() = 'maven' or text()='n']<br>]]>
            </line>
            <line>
              <![CDATA[--->> element --- By.xpath: //*[@class='sa_tm' and text() = 'maven' or text()='n'] --- was founded<br>]]>
            </line>
            <line>
              <![CDATA[--->> try click on [[RemoteWebDriver: chrome on XP (d9dae739-aa34-4084-89bd-dd8cd46b14da)] -> xpath: //*[@class='sa_tm' and text() = 'maven' or text()='n']]<br>]]>
            </line>
            <line>
              <![CDATA[--->> element [[RemoteWebDriver: chrome on XP (d9dae739-aa34-4084-89bd-dd8cd46b14da)] -> xpath: //*[@class='sa_tm' and text() = 'maven' or text()='n']] was clicked<br>]]>
            </line>
            <line>
              <![CDATA[>-->> wait until result will be displayed<br>]]>
            </line>
            <line>
              <![CDATA[--->> try find element --- By.xpath: //ol[@id='b_results']/li[1]//h2/a[1]<br>]]>
            </line>
            <line>
              <![CDATA[--->> element --- By.xpath: //ol[@id='b_results']/li[1]//h2/a[1] --- was founded<br>]]>
            </line>
            <line>
              <![CDATA[>-->> get URL from result title<br>]]>
            </line>
            <line>
              <![CDATA[--->> try find element --- By.xpath: //ol[@id='b_results']/li[1]//h2/a[1]<br>]]>
            </line>
            <line>
              <![CDATA[--->> element --- By.xpath: //ol[@id='b_results']/li[1]//h2/a[1] --- was founded<br>]]>
            </line>
            <line>
              <![CDATA[>-->> click on title<br>]]>
            </line>
            <line>
              <![CDATA[--->> try find element --- By.xpath: //ol[@id='b_results']/li[1]//h2/a[1]<br>]]>
            </line>
            <line>
              <![CDATA[--->> element --- By.xpath: //ol[@id='b_results']/li[1]//h2/a[1] --- was founded<br>]]>
            </line>
            <line>
              <![CDATA[--->> try click on [[RemoteWebDriver: chrome on XP (d9dae739-aa34-4084-89bd-dd8cd46b14da)] -> xpath: //ol[@id='b_results']/li[1]//h2/a[1]]<br>]]>
            </line>
            <line>
              <![CDATA[--->> element [[RemoteWebDriver: chrome on XP (d9dae739-aa34-4084-89bd-dd8cd46b14da)] -> xpath: //ol[@id='b_results']/li[1]//h2/a[1]] was clicked<br>]]>
            </line>
            <line>
              <![CDATA[>-->> check on match the title URL and the page URL<br>]]>
            </line>
            <line>
              <![CDATA[-----------------------------  test completed ------------------------------<br>]]>
            </line>
          </reporter-output>
        </test-method> <!-- searchCheckAndSave -->
        <test-method status="PASS" signature="searchCheckAndSave(java.lang.String, java.lang.String)[pri:0, instance:com.ohrimenko1988.QA_homework_5.Main@3f2a3a5]" name="searchCheckAndSave" duration-ms="2916" started-at="2016-12-25T15:47:51Z" data-provider="fromTextFileToDataProvider" depends-on-methods="com.ohrimenko1988.QA_homework_5.Main.goToPageAndCheckIt" finished-at="2016-12-25T15:47:54Z">
          <params>
            <param index="0">
              <value>
                <![CDATA[testn]]>
              </value>
            </param>
            <param index="1">
              <value>
                <![CDATA[testng]]>
              </value>
            </param>
          </params>
          <reporter-output>
            <line>
              <![CDATA[---------------------  search by 'testng' expression  -----------------<br>]]>
            </line>
            <line>
              <![CDATA[>-->> compare variants with key expression and take last part of element<br>]]>
            </line>
            <line>
              <![CDATA[>-->> go to URL<br>]]>
            </line>
            <line>
              <![CDATA[--->> try load page https://www.bing.com/<br>]]>
            </line>
            <line>
              <![CDATA[--->> page https://www.bing.com/ is loaded<br>]]>
            </line>
            <line>
              <![CDATA[>-->> wait the logo visibility<br>]]>
            </line>
            <line>
              <![CDATA[--->> try find element --- By.xpath: //*[@class='hp_sw_logo hpcLogoWhite' or @id='bLogoExp'] <br>]]>
            </line>
            <line>
              <![CDATA[--->> element --- By.xpath: //*[@class='hp_sw_logo hpcLogoWhite' or @id='bLogoExp']  --- was founded<br>]]>
            </line>
            <line>
              <![CDATA[>-->> wait the search field visibility<br>]]>
            </line>
            <line>
              <![CDATA[--->> try find element --- By.xpath: //*[@name='q']<br>]]>
            </line>
            <line>
              <![CDATA[--->> element --- By.xpath: //*[@name='q'] --- was founded<br>]]>
            </line>
            <line>
              <![CDATA[>-->> wait the search button visibility<br>]]>
            </line>
            <line>
              <![CDATA[--->> try find element --- By.xpath: //*[@class='b_searchboxSubmit' or @id='sbBtn'] <br>]]>
            </line>
            <line>
              <![CDATA[--->> element --- By.xpath: //*[@class='b_searchboxSubmit' or @id='sbBtn']  --- was founded<br>]]>
            </line>
            <line>
              <![CDATA[>-->> clear search field<br>]]>
            </line>
            <line>
              <![CDATA[--->> try find element --- By.xpath: //*[@name='q']<br>]]>
            </line>
            <line>
              <![CDATA[--->> element --- By.xpath: //*[@name='q'] --- was founded<br>]]>
            </line>
            <line>
              <![CDATA[--->> try change value [[RemoteWebDriver: chrome on XP (d9dae739-aa34-4084-89bd-dd8cd46b14da)] -> xpath: //*[@name='q']]<br>]]>
            </line>
            <line>
              <![CDATA[--->> value of element [[RemoteWebDriver: chrome on XP (d9dae739-aa34-4084-89bd-dd8cd46b14da)] -> xpath: //*[@name='q']] was changed<br>]]>
            </line>
            <line>
              <![CDATA[>-->> input part of the search expression<br>]]>
            </line>
            <line>
              <![CDATA[--->> try find element --- By.xpath: //*[@name='q']<br>]]>
            </line>
            <line>
              <![CDATA[--->> element --- By.xpath: //*[@name='q'] --- was founded<br>]]>
            </line>
            <line>
              <![CDATA[--->> try change value [[RemoteWebDriver: chrome on XP (d9dae739-aa34-4084-89bd-dd8cd46b14da)] -> xpath: //*[@name='q']]<br>]]>
            </line>
            <line>
              <![CDATA[--->> value of element [[RemoteWebDriver: chrome on XP (d9dae739-aa34-4084-89bd-dd8cd46b14da)] -> xpath: //*[@name='q']] was changed<br>]]>
            </line>
            <line>
              <![CDATA[>-->> wait until part of the expression will be displayed in the search field<br>]]>
            </line>
            <line>
              <![CDATA[--->> try find element --- By.xpath: //*[@name='q']<br>]]>
            </line>
            <line>
              <![CDATA[--->> element --- By.xpath: //*[@name='q'] --- was founded<br>]]>
            </line>
            <line>
              <![CDATA[>-->> wait until variants of the full expression will be displayed<br>]]>
            </line>
            <line>
              <![CDATA[--->> try find element --- By.xpath: //*[@class='sa_tm' and text() = 'testng' or text()='g']<br>]]>
            </line>
            <line>
              <![CDATA[--->> element --- By.xpath: //*[@class='sa_tm' and text() = 'testng' or text()='g'] --- was founded<br>]]>
            </line>
            <line>
              <![CDATA[>-->> click on it<br>]]>
            </line>
            <line>
              <![CDATA[--->> try find element --- By.xpath: //*[@class='sa_tm' and text() = 'testng' or text()='g']<br>]]>
            </line>
            <line>
              <![CDATA[--->> element --- By.xpath: //*[@class='sa_tm' and text() = 'testng' or text()='g'] --- was founded<br>]]>
            </line>
            <line>
              <![CDATA[--->> try click on [[RemoteWebDriver: chrome on XP (d9dae739-aa34-4084-89bd-dd8cd46b14da)] -> xpath: //*[@class='sa_tm' and text() = 'testng' or text()='g']]<br>]]>
            </line>
            <line>
              <![CDATA[--->> element [[RemoteWebDriver: chrome on XP (d9dae739-aa34-4084-89bd-dd8cd46b14da)] -> xpath: //*[@class='sa_tm' and text() = 'testng' or text()='g']] was clicked<br>]]>
            </line>
            <line>
              <![CDATA[>-->> wait until result will be displayed<br>]]>
            </line>
            <line>
              <![CDATA[--->> try find element --- By.xpath: //ol[@id='b_results']/li[1]//h2/a[1]<br>]]>
            </line>
            <line>
              <![CDATA[--->> element --- By.xpath: //ol[@id='b_results']/li[1]//h2/a[1] --- was founded<br>]]>
            </line>
            <line>
              <![CDATA[>-->> get URL from result title<br>]]>
            </line>
            <line>
              <![CDATA[--->> try find element --- By.xpath: //ol[@id='b_results']/li[1]//h2/a[1]<br>]]>
            </line>
            <line>
              <![CDATA[--->> element --- By.xpath: //ol[@id='b_results']/li[1]//h2/a[1] --- was founded<br>]]>
            </line>
            <line>
              <![CDATA[>-->> click on title<br>]]>
            </line>
            <line>
              <![CDATA[--->> try find element --- By.xpath: //ol[@id='b_results']/li[1]//h2/a[1]<br>]]>
            </line>
            <line>
              <![CDATA[--->> element --- By.xpath: //ol[@id='b_results']/li[1]//h2/a[1] --- was founded<br>]]>
            </line>
            <line>
              <![CDATA[--->> try click on [[RemoteWebDriver: chrome on XP (d9dae739-aa34-4084-89bd-dd8cd46b14da)] -> xpath: //ol[@id='b_results']/li[1]//h2/a[1]]<br>]]>
            </line>
            <line>
              <![CDATA[--->> element [[RemoteWebDriver: chrome on XP (d9dae739-aa34-4084-89bd-dd8cd46b14da)] -> xpath: //ol[@id='b_results']/li[1]//h2/a[1]] was clicked<br>]]>
            </line>
            <line>
              <![CDATA[>-->> check on match the title URL and the page URL<br>]]>
            </line>
            <line>
              <![CDATA[-----------------------------  test completed ------------------------------<br>]]>
            </line>
          </reporter-output>
        </test-method> <!-- searchCheckAndSave -->
        <test-method status="PASS" signature="searchCheckAndSave(java.lang.String, java.lang.String)[pri:0, instance:com.ohrimenko1988.QA_homework_5.Main@3f2a3a5]" name="searchCheckAndSave" duration-ms="2726" started-at="2016-12-25T15:47:54Z" data-provider="fromTextFileToDataProvider" depends-on-methods="com.ohrimenko1988.QA_homework_5.Main.goToPageAndCheckIt" finished-at="2016-12-25T15:47:56Z">
          <params>
            <param index="0">
              <value>
                <![CDATA[qatest]]>
              </value>
            </param>
            <param index="1">
              <value>
                <![CDATA[qatestlab]]>
              </value>
            </param>
          </params>
          <reporter-output>
            <line>
              <![CDATA[---------------------  search by 'qatestlab' expression  -----------------<br>]]>
            </line>
            <line>
              <![CDATA[>-->> compare variants with key expression and take last part of element<br>]]>
            </line>
            <line>
              <![CDATA[>-->> go to URL<br>]]>
            </line>
            <line>
              <![CDATA[--->> try load page https://www.bing.com/<br>]]>
            </line>
            <line>
              <![CDATA[--->> page https://www.bing.com/ is loaded<br>]]>
            </line>
            <line>
              <![CDATA[>-->> wait the logo visibility<br>]]>
            </line>
            <line>
              <![CDATA[--->> try find element --- By.xpath: //*[@class='hp_sw_logo hpcLogoWhite' or @id='bLogoExp'] <br>]]>
            </line>
            <line>
              <![CDATA[--->> element --- By.xpath: //*[@class='hp_sw_logo hpcLogoWhite' or @id='bLogoExp']  --- was founded<br>]]>
            </line>
            <line>
              <![CDATA[>-->> wait the search field visibility<br>]]>
            </line>
            <line>
              <![CDATA[--->> try find element --- By.xpath: //*[@name='q']<br>]]>
            </line>
            <line>
              <![CDATA[--->> element --- By.xpath: //*[@name='q'] --- was founded<br>]]>
            </line>
            <line>
              <![CDATA[>-->> wait the search button visibility<br>]]>
            </line>
            <line>
              <![CDATA[--->> try find element --- By.xpath: //*[@class='b_searchboxSubmit' or @id='sbBtn'] <br>]]>
            </line>
            <line>
              <![CDATA[--->> element --- By.xpath: //*[@class='b_searchboxSubmit' or @id='sbBtn']  --- was founded<br>]]>
            </line>
            <line>
              <![CDATA[>-->> clear search field<br>]]>
            </line>
            <line>
              <![CDATA[--->> try find element --- By.xpath: //*[@name='q']<br>]]>
            </line>
            <line>
              <![CDATA[--->> element --- By.xpath: //*[@name='q'] --- was founded<br>]]>
            </line>
            <line>
              <![CDATA[--->> try change value [[RemoteWebDriver: chrome on XP (d9dae739-aa34-4084-89bd-dd8cd46b14da)] -> xpath: //*[@name='q']]<br>]]>
            </line>
            <line>
              <![CDATA[--->> value of element [[RemoteWebDriver: chrome on XP (d9dae739-aa34-4084-89bd-dd8cd46b14da)] -> xpath: //*[@name='q']] was changed<br>]]>
            </line>
            <line>
              <![CDATA[>-->> input part of the search expression<br>]]>
            </line>
            <line>
              <![CDATA[--->> try find element --- By.xpath: //*[@name='q']<br>]]>
            </line>
            <line>
              <![CDATA[--->> element --- By.xpath: //*[@name='q'] --- was founded<br>]]>
            </line>
            <line>
              <![CDATA[--->> try change value [[RemoteWebDriver: chrome on XP (d9dae739-aa34-4084-89bd-dd8cd46b14da)] -> xpath: //*[@name='q']]<br>]]>
            </line>
            <line>
              <![CDATA[--->> value of element [[RemoteWebDriver: chrome on XP (d9dae739-aa34-4084-89bd-dd8cd46b14da)] -> xpath: //*[@name='q']] was changed<br>]]>
            </line>
            <line>
              <![CDATA[>-->> wait until part of the expression will be displayed in the search field<br>]]>
            </line>
            <line>
              <![CDATA[--->> try find element --- By.xpath: //*[@name='q']<br>]]>
            </line>
            <line>
              <![CDATA[--->> element --- By.xpath: //*[@name='q'] --- was founded<br>]]>
            </line>
            <line>
              <![CDATA[>-->> wait until variants of the full expression will be displayed<br>]]>
            </line>
            <line>
              <![CDATA[--->> try find element --- By.xpath: //*[@class='sa_tm' and text() = 'qatestlab' or text()='lab']<br>]]>
            </line>
            <line>
              <![CDATA[--->> element --- By.xpath: //*[@class='sa_tm' and text() = 'qatestlab' or text()='lab'] --- was founded<br>]]>
            </line>
            <line>
              <![CDATA[>-->> click on it<br>]]>
            </line>
            <line>
              <![CDATA[--->> try find element --- By.xpath: //*[@class='sa_tm' and text() = 'qatestlab' or text()='lab']<br>]]>
            </line>
            <line>
              <![CDATA[--->> element --- By.xpath: //*[@class='sa_tm' and text() = 'qatestlab' or text()='lab'] --- was founded<br>]]>
            </line>
            <line>
              <![CDATA[--->> try click on [[RemoteWebDriver: chrome on XP (d9dae739-aa34-4084-89bd-dd8cd46b14da)] -> xpath: //*[@class='sa_tm' and text() = 'qatestlab' or text()='lab']]<br>]]>
            </line>
            <line>
              <![CDATA[--->> element [[RemoteWebDriver: chrome on XP (d9dae739-aa34-4084-89bd-dd8cd46b14da)] -> xpath: //*[@class='sa_tm' and text() = 'qatestlab' or text()='lab']] was clicked<br>]]>
            </line>
            <line>
              <![CDATA[>-->> wait until result will be displayed<br>]]>
            </line>
            <line>
              <![CDATA[--->> try find element --- By.xpath: //ol[@id='b_results']/li[1]//h2/a[1]<br>]]>
            </line>
            <line>
              <![CDATA[--->> element --- By.xpath: //ol[@id='b_results']/li[1]//h2/a[1] --- was founded<br>]]>
            </line>
            <line>
              <![CDATA[>-->> get URL from result title<br>]]>
            </line>
            <line>
              <![CDATA[--->> try find element --- By.xpath: //ol[@id='b_results']/li[1]//h2/a[1]<br>]]>
            </line>
            <line>
              <![CDATA[--->> element --- By.xpath: //ol[@id='b_results']/li[1]//h2/a[1] --- was founded<br>]]>
            </line>
            <line>
              <![CDATA[>-->> click on title<br>]]>
            </line>
            <line>
              <![CDATA[--->> try find element --- By.xpath: //ol[@id='b_results']/li[1]//h2/a[1]<br>]]>
            </line>
            <line>
              <![CDATA[--->> element --- By.xpath: //ol[@id='b_results']/li[1]//h2/a[1] --- was founded<br>]]>
            </line>
            <line>
              <![CDATA[--->> try click on [[RemoteWebDriver: chrome on XP (d9dae739-aa34-4084-89bd-dd8cd46b14da)] -> xpath: //ol[@id='b_results']/li[1]//h2/a[1]]<br>]]>
            </line>
            <line>
              <![CDATA[--->> element [[RemoteWebDriver: chrome on XP (d9dae739-aa34-4084-89bd-dd8cd46b14da)] -> xpath: //ol[@id='b_results']/li[1]//h2/a[1]] was clicked<br>]]>
            </line>
            <line>
              <![CDATA[>-->> check on match the title URL and the page URL<br>]]>
            </line>
            <line>
              <![CDATA[-----------------------------  test completed ------------------------------<br>]]>
            </line>
          </reporter-output>
        </test-method> <!-- searchCheckAndSave -->
        <test-method status="PASS" signature="tearDown()[pri:0, instance:com.ohrimenko1988.QA_homework_5.Main@3f2a3a5]" name="tearDown" is-config="true" duration-ms="1100" started-at="2016-12-25T15:47:56Z" finished-at="2016-12-25T15:47:57Z">
          <reporter-output>
          </reporter-output>
        </test-method> <!-- tearDown -->
      </class> <!-- com.ohrimenko1988.QA_homework_5.Main -->
    </test> <!-- Test -->
  </suite> <!-- Suite1 -->
</testng-results>
