<?xml version="1.0" encoding="UTF-8"?>
<testsuite xmlns:xsi="http://www.w3.org/2001/XMLSchema-instance" xsi:schemaLocation="https://maven.apache.org/surefire/maven-surefire-plugin/xsd/surefire-test-report.xsd" name="TestSuite" time="14.952" tests="4" errors="0" skipped="0" failures="0">
  <properties>
[...]
</properties>
  <testcase name="goToPageAndCheckIt" classname="com.ohrimenko1988.QA_homework_5.Main" time="1.774"/>
  <testcase name="searchCheckAndSave" classname="com.ohrimenko1988.QA_homework_5.Main" time="2.919"/>
  <testcase name="searchCheckAndSave" classname="com.ohrimenko1988.QA_homework_5.Main" time="2.916"/>
  <testcase name="searchCheckAndSave" classname="com.ohrimenko1988.QA_homework_5.Main" time="2.726"/>
</testsuite>